Ending action ProcessClaimNo.	[MsgId: MMSG-15918]
Starting action GenerateXML.	[MsgId: MMSG-15919]
GenerateXML.c(23): Notify: Parameter Substitution: parameter "P_VisibleMediaID" =  "31240103515219000"	[MsgId: MMSG-13992]
GenerateXML.c(33): Notify: Parameter Substitution: parameter "C_ClaimNo" =  "FG18040408320895"	[MsgId: MMSG-13992]
GenerateXML.c(39): Notify: Parameter Substitution: parameter "P_VisibleMediaID" =  "31240103515219000"	[MsgId: MMSG-13992]
GenerateXML.c(41): Notify: Parameter Substitution: parameter "C_ClaimNo" =  "FG18040408320895"	[MsgId: MMSG-13992]
GenerateXML.c(50): Notify: Parameter Substitution: parameter "P_VisibleMediaID" =  "31240103515219000"	[MsgId: MMSG-13992]
GenerateXML.c(50): Notify: Parameter Substitution: parameter "C_ClaimNo" =  "FG18040408320895"	[MsgId: MMSG-13992]
Ending action GenerateXML.	[MsgId: MMSG-15918]
Action was aborted.	[MsgId: MMSG-10694]
Ending Vuser...	[MsgId: MMSG-15966]
Starting action vuser_end.	[MsgId: MMSG-15919]
Ending action vuser_end.	[MsgId: MMSG-15918]
Vuser Terminated.	[MsgId: MMSG-15963]
Vuser 15 (thread 26548), ended OK."	[MsgId: MMSG-10695]
ProcessClaimNo.c(170): Notify: Transaction "06_ServiceGuarantee_ProvideEmailID" started.	[MsgId: MMSG-16999]
ProcessClaimNo.c(173): web_add_header("Accept-Encoding") started  	[MsgId: MMSG-26355]
ProcessClaimNo.c(173): web_add_header("Accept-Encoding") was successful  	[MsgId: MMSG-26392]
ProcessClaimNo.c(174): web_add_header("Accept-Language") started  	[MsgId: MMSG-26355]
ProcessClaimNo.c(174): web_add_header("Accept-Language") was successful  	[MsgId: MMSG-26392]
ProcessClaimNo.c(175): web_add_header("Accept") started  	[MsgId: MMSG-26355]
ProcessClaimNo.c(175): web_add_header("Accept") was successful  	[MsgId: MMSG-26392]
ProcessClaimNo.c(176): web_add_header("Content-Type") started  	[MsgId: MMSG-26355]
ProcessClaimNo.c(176): Warning -26594: The header being added may cause unpredictable results if applied to ALL the URLs generated on behalf of the next script function. It will apply to the primary URL only.  	[MsgId: MWAR-26594]
ProcessClaimNo.c(176): web_add_header("Content-Type") highest severity level was "warning"  	[MsgId: MMSG-26391]
ProcessClaimNo.c(177): web_add_header("X-Requested-With") started  	[MsgId: MMSG-26355]
ProcessClaimNo.c(177): web_add_header("X-Requested-With") was successful  	[MsgId: MMSG-26392]
ProcessClaimNo.c(178): web_add_header("Cache-Control") started  	[MsgId: MMSG-26355]
ProcessClaimNo.c(178): web_add_header("Cache-Control") was successful  	[MsgId: MMSG-26392]
ProcessClaimNo.c(179): web_add_header("Cookie") started  	[MsgId: MMSG-26355]
ProcessClaimNo.c(179): Notify: Parameter Substitution: parameter "C_ASPSessionID" =  "xesm03hqfgpeh2ptcr3rjdy4"	[MsgId: MMSG-13992]
ProcessClaimNo.c(179): Notify: Parameter Substitution: parameter "C_PrestoCookie" =  "52409354.20480.0000"	[MsgId: MMSG-13992]
ProcessClaimNo.c(179): web_add_header("Cookie") was successful  	[MsgId: MMSG-26392]
ProcessClaimNo.c(182): web_reg_save_param started  	[MsgId: MMSG-26355]
ProcessClaimNo.c(182): Registering web_reg_save_param was successful  	[MsgId: MMSG-26390]
ProcessClaimNo.c(189): web_reg_save_param started  	[MsgId: MMSG-26355]
ProcessClaimNo.c(189): Registering web_reg_save_param was successful  	[MsgId: MMSG-26390]
ProcessClaimNo.c(195): web_custom_request("ProvideEmailID") started  	[MsgId: MMSG-26355]
ProcessClaimNo.c(195): Notify: Next row for parameter P_protocol = 1 [table  = P_protocol].	[MsgId: MMSG-13876]
ProcessClaimNo.c(195): Notify: Parameter Substitution: parameter "P_protocol" =  "https"	[MsgId: MMSG-13992]
ProcessClaimNo.c(195): Notify: Parameter Substitution: parameter "P_URL" =  "serviceguarantee.prestoperf.net"	[MsgId: MMSG-13992]
ProcessClaimNo.c(195): Notify: Parameter Substitution: parameter "P_VisibleMediaID" =  "31240103518700000"	[MsgId: MMSG-13992]
ProcessClaimNo.c(195): Notify: Parameter Substitution: parameter "P_VisibleMediaID" =  "31240103518700000"	[MsgId: MMSG-13992]
ProcessClaimNo.c(195): Notify: Saving Parameter "C_ClaimNo = FG18040408320896".	[MsgId: MMSG-13798]
ProcessClaimNo.c(195): Notify: Saving Parameter "C_VisibleMediaID = 31240103518700000".	[MsgId: MMSG-13798]
ProcessClaimNo.c(195): Found resource "https://serviceguarantee.prestoperf.net/~/media/FGS/FGSprint.ashx?h=36&w=39&la=en&hash=48652367F29706E54F0FE7193480833C40E79F54" in HTML "https://serviceguarantee.prestoperf.net/en/ClaimConfirmation"  	[MsgId: MMSG-26659]
ProcessClaimNo.c(195): web_custom_request("ProvideEmailID") was successful, 3767 body bytes, 3249 header bytes  	[MsgId: MMSG-26386]
ProcessClaimNo.c(201): web_get_int_property started  	[MsgId: MMSG-26355]
ProcessClaimNo.c(201): web_get_int_property was successful  	[MsgId: MMSG-26392]
ProcessClaimNo.c(205): Notify: Transaction "06_ServiceGuarantee_ProvideEmailID" ended with a "Pass" status (Duration: 0.4033 Wasted Time: 0.0001).	[MsgId: MMSG-16871]
Ending action ProcessClaimNo.	[MsgId: MMSG-15918]
Starting action GenerateXML.	[MsgId: MMSG-15919]
GenerateXML.c(23): Notify: Parameter Substitution: parameter "P_VisibleMediaID" =  "31240103518700000"	[MsgId: MMSG-13992]
GenerateXML.c(33): Notify: Parameter Substitution: parameter "C_ClaimNo" =  "FG18040408320896"	[MsgId: MMSG-13992]
GenerateXML.c(39): Notify: Parameter Substitution: parameter "P_VisibleMediaID" =  "31240103518700000"	[MsgId: MMSG-13992]
GenerateXML.c(41): Notify: Parameter Substitution: parameter "C_ClaimNo" =  "FG18040408320896"	[MsgId: MMSG-13992]
GenerateXML.c(50): Notify: Parameter Substitution: parameter "P_VisibleMediaID" =  "31240103518700000"	[MsgId: MMSG-13992]
GenerateXML.c(50): Notify: Parameter Substitution: parameter "C_ClaimNo" =  "FG18040408320896"	[MsgId: MMSG-13992]
Ending action GenerateXML.	[MsgId: MMSG-15918]
Action was aborted.	[MsgId: MMSG-10694]
Ending Vuser...	[MsgId: MMSG-15966]
Starting action vuser_end.	[MsgId: MMSG-15919]
Ending action vuser_end.	[MsgId: MMSG-15918]
Vuser Terminated.	[MsgId: MMSG-15963]
Vuser 26 (thread 27000), ended OK."	[MsgId: MMSG-10695]
ProcessClaimNo.c(170): Notify: Transaction "06_ServiceGuarantee_ProvideEmailID" started.	[MsgId: MMSG-16999]
ProcessClaimNo.c(173): web_add_header("Accept-Encoding") started  	[MsgId: MMSG-26355]
ProcessClaimNo.c(173): web_add_header("Accept-Encoding") was successful  	[MsgId: MMSG-26392]
ProcessClaimNo.c(174): web_add_header("Accept-Language") started  	[MsgId: MMSG-26355]
ProcessClaimNo.c(174): web_add_header("Accept-Language") was successful  	[MsgId: MMSG-26392]
ProcessClaimNo.c(175): web_add_header("Accept") started  	[MsgId: MMSG-26355]
ProcessClaimNo.c(175): web_add_header("Accept") was successful  	[MsgId: MMSG-26392]
ProcessClaimNo.c(176): web_add_header("Content-Type") started  	[MsgId: MMSG-26355]
ProcessClaimNo.c(176): Warning -26594: The header being added may cause unpredictable results if applied to ALL the URLs generated on behalf of the next script function. It will apply to the primary URL only.  	[MsgId: MWAR-26594]
ProcessClaimNo.c(176): web_add_header("Content-Type") highest severity level was "warning"  	[MsgId: MMSG-26391]
ProcessClaimNo.c(177): web_add_header("X-Requested-With") started  	[MsgId: MMSG-26355]
ProcessClaimNo.c(177): web_add_header("X-Requested-With") was successful  	[MsgId: MMSG-26392]
ProcessClaimNo.c(178): web_add_header("Cache-Control") started  	[MsgId: MMSG-26355]
ProcessClaimNo.c(178): web_add_header("Cache-Control") was successful  	[MsgId: MMSG-26392]
ProcessClaimNo.c(179): web_add_header("Cookie") started  	[MsgId: MMSG-26355]
ProcessClaimNo.c(179): Notify: Parameter Substitution: parameter "C_ASPSessionID" =  "k0u3xsfg4q1qmuep1hw00jzl"	[MsgId: MMSG-13992]
ProcessClaimNo.c(179): Notify: Parameter Substitution: parameter "C_PrestoCookie" =  "52409354.20480.0000"	[MsgId: MMSG-13992]
ProcessClaimNo.c(179): web_add_header("Cookie") was successful  	[MsgId: MMSG-26392]
ProcessClaimNo.c(182): web_reg_save_param started  	[MsgId: MMSG-26355]
ProcessClaimNo.c(182): Registering web_reg_save_param was successful  	[MsgId: MMSG-26390]
ProcessClaimNo.c(189): web_reg_save_param started  	[MsgId: MMSG-26355]
ProcessClaimNo.c(189): Registering web_reg_save_param was successful  	[MsgId: MMSG-26390]
ProcessClaimNo.c(195): web_custom_request("ProvideEmailID") started  	[MsgId: MMSG-26355]
ProcessClaimNo.c(195): Notify: Next row for parameter P_protocol = 1 [table  = P_protocol].	[MsgId: MMSG-13876]
ProcessClaimNo.c(195): Notify: Parameter Substitution: parameter "P_protocol" =  "https"	[MsgId: MMSG-13992]
ProcessClaimNo.c(195): Notify: Parameter Substitution: parameter "P_URL" =  "serviceguarantee.prestoperf.net"	[MsgId: MMSG-13992]
ProcessClaimNo.c(195): Notify: Parameter Substitution: parameter "P_VisibleMediaID" =  "31240103520695000"	[MsgId: MMSG-13992]
ProcessClaimNo.c(195): Notify: Parameter Substitution: parameter "P_VisibleMediaID" =  "31240103520695000"	[MsgId: MMSG-13992]
ProcessClaimNo.c(195): Notify: Saving Parameter "C_ClaimNo = FG18040408320897".	[MsgId: MMSG-13798]
ProcessClaimNo.c(195): Notify: Saving Parameter "C_VisibleMediaID = 31240103520695000".	[MsgId: MMSG-13798]
ProcessClaimNo.c(195): Found resource "https://serviceguarantee.prestoperf.net/~/media/FGS/FGSprint.ashx?h=36&w=39&la=en&hash=48652367F29706E54F0FE7193480833C40E79F54" in HTML "https://serviceguarantee.prestoperf.net/en/ClaimConfirmation"  	[MsgId: MMSG-26659]
ProcessClaimNo.c(195): web_custom_request("ProvideEmailID") was successful, 3767 body bytes, 3249 header bytes  	[MsgId: MMSG-26386]
ProcessClaimNo.c(201): web_get_int_property started  	[MsgId: MMSG-26355]
ProcessClaimNo.c(201): web_get_int_property was successful  	[MsgId: MMSG-26392]
ProcessClaimNo.c(205): Notify: Transaction "06_ServiceGuarantee_ProvideEmailID" ended with a "Pass" status (Duration: 0.5615 Wasted Time: 0.0001).	[MsgId: MMSG-16871]
Ending action ProcessClaimNo.	[MsgId: MMSG-15918]
Starting action GenerateXML.	[MsgId: MMSG-15919]
GenerateXML.c(23): Notify: Parameter Substitution: parameter "P_VisibleMediaID" =  "31240103520695000"	[MsgId: MMSG-13992]
GenerateXML.c(33): Notify: Parameter Substitution: parameter "C_ClaimNo" =  "FG18040408320897"	[MsgId: MMSG-13992]
GenerateXML.c(39): Notify: Parameter Substitution: parameter "P_VisibleMediaID" =  "31240103520695000"	[MsgId: MMSG-13992]
GenerateXML.c(41): Notify: Parameter Substitution: parameter "C_ClaimNo" =  "FG18040408320897"	[MsgId: MMSG-13992]
GenerateXML.c(50): Notify: Parameter Substitution: parameter "P_VisibleMediaID" =  "31240103520695000"	[MsgId: MMSG-13992]
GenerateXML.c(50): Notify: Parameter Substitution: parameter "C_ClaimNo" =  "FG18040408320897"	[MsgId: MMSG-13992]
Ending action GenerateXML.	[MsgId: MMSG-15918]
Action was aborted.	[MsgId: MMSG-10694]
Ending Vuser...	[MsgId: MMSG-15966]
Starting action vuser_end.	[MsgId: MMSG-15919]
Ending action vuser_end.	[MsgId: MMSG-15918]
Vuser Terminated.	[MsgId: MMSG-15963]
Vuser 33 (thread 19644), ended OK."	[MsgId: MMSG-10695]
ProcessClaimNo.c(170): Notify: Transaction "06_ServiceGuarantee_ProvideEmailID" started.	[MsgId: MMSG-16999]
ProcessClaimNo.c(173): web_add_header("Accept-Encoding") started  	[MsgId: MMSG-26355]
ProcessClaimNo.c(173): web_add_header("Accept-Encoding") was successful  	[MsgId: MMSG-26392]
ProcessClaimNo.c(174): web_add_header("Accept-Language") started  	[MsgId: MMSG-26355]
ProcessClaimNo.c(174): web_add_header("Accept-Language") was successful  	[MsgId: MMSG-26392]
ProcessClaimNo.c(175): web_add_header("Accept") started  	[MsgId: MMSG-26355]
ProcessClaimNo.c(175): web_add_header("Accept") was successful  	[MsgId: MMSG-26392]
ProcessClaimNo.c(176): web_add_header("Content-Type") started  	[MsgId: MMSG-26355]
ProcessClaimNo.c(176): Warning -26594: The header being added may cause unpredictable results if applied to ALL the URLs generated on behalf of the next script function. It will apply to the primary URL only.  	[MsgId: MWAR-26594]
ProcessClaimNo.c(176): web_add_header("Content-Type") highest severity level was "warning"  	[MsgId: MMSG-26391]
ProcessClaimNo.c(177): web_add_header("X-Requested-With") started  	[MsgId: MMSG-26355]
ProcessClaimNo.c(177): web_add_header("X-Requested-With") was successful  	[MsgId: MMSG-26392]
ProcessClaimNo.c(178): web_add_header("Cache-Control") started  	[MsgId: MMSG-26355]
ProcessClaimNo.c(178): web_add_header("Cache-Control") was successful  	[MsgId: MMSG-26392]
ProcessClaimNo.c(179): web_add_header("Cookie") started  	[MsgId: MMSG-26355]
ProcessClaimNo.c(179): Notify: Parameter Substitution: parameter "C_ASPSessionID" =  "hrk25vr0z4i0w33rdayeeqsa"	[MsgId: MMSG-13992]
ProcessClaimNo.c(179): Notify: Parameter Substitution: parameter "C_PrestoCookie" =  "52409354.20480.0000"	[MsgId: MMSG-13992]
ProcessClaimNo.c(179): web_add_header("Cookie") was successful  	[MsgId: MMSG-26392]
ProcessClaimNo.c(182): web_reg_save_param started  	[MsgId: MMSG-26355]
ProcessClaimNo.c(182): Registering web_reg_save_param was successful  	[MsgId: MMSG-26390]
ProcessClaimNo.c(189): web_reg_save_param started  	[MsgId: MMSG-26355]
ProcessClaimNo.c(189): Registering web_reg_save_param was successful  	[MsgId: MMSG-26390]
ProcessClaimNo.c(195): web_custom_request("ProvideEmailID") started  	[MsgId: MMSG-26355]
ProcessClaimNo.c(195): Notify: Next row for parameter P_protocol = 1 [table  = P_protocol].	[MsgId: MMSG-13876]
ProcessClaimNo.c(195): Notify: Parameter Substitution: parameter "P_protocol" =  "https"	[MsgId: MMSG-13992]
ProcessClaimNo.c(195): Notify: Parameter Substitution: parameter "P_URL" =  "serviceguarantee.prestoperf.net"	[MsgId: MMSG-13992]
ProcessClaimNo.c(195): Notify: Parameter Substitution: parameter "P_VisibleMediaID" =  "31240103519903000"	[MsgId: MMSG-13992]
ProcessClaimNo.c(195): Notify: Parameter Substitution: parameter "P_VisibleMediaID" =  "31240103519903000"	[MsgId: MMSG-13992]
ProcessClaimNo.c(195): Notify: Saving Parameter "C_ClaimNo = FG18040408320898".	[MsgId: MMSG-13798]
ProcessClaimNo.c(195): Notify: Saving Parameter "C_VisibleMediaID = 31240103519903000".	[MsgId: MMSG-13798]
ProcessClaimNo.c(195): Found resource "https://serviceguarantee.prestoperf.net/~/media/FGS/FGSprint.ashx?h=36&w=39&la=en&hash=48652367F29706E54F0FE7193480833C40E79F54" in HTML "https://serviceguarantee.prestoperf.net/en/ClaimConfirmation"  	[MsgId: MMSG-26659]
ProcessClaimNo.c(195): web_custom_request("ProvideEmailID") was successful, 3767 body bytes, 3249 header bytes  	[MsgId: MMSG-26386]
ProcessClaimNo.c(201): web_get_int_property started  	[MsgId: MMSG-26355]
ProcessClaimNo.c(201): web_get_int_property was successful  	[MsgId: MMSG-26392]
ProcessClaimNo.c(205): Notify: Transaction "06_ServiceGuarantee_ProvideEmailID" ended with a "Pass" status (Duration: 0.4190 Wasted Time: 0.0001).	[MsgId: MMSG-16871]
Ending action ProcessClaimNo.	[MsgId: MMSG-15918]
Starting action GenerateXML.	[MsgId: MMSG-15919]
GenerateXML.c(23): Notify: Parameter Substitution: parameter "P_VisibleMediaID" =  "31240103519903000"	[MsgId: MMSG-13992]
GenerateXML.c(33): Notify: Parameter Substitution: parameter "C_ClaimNo" =  "FG18040408320898"	[MsgId: MMSG-13992]
GenerateXML.c(39): Notify: Parameter Substitution: parameter "P_VisibleMediaID" =  "31240103519903000"	[MsgId: MMSG-13992]
GenerateXML.c(41): Notify: Parameter Substitution: parameter "C_ClaimNo" =  "FG18040408320898"	[MsgId: MMSG-13992]
GenerateXML.c(50): Notify: Parameter Substitution: parameter "P_VisibleMediaID" =  "31240103519903000"	[MsgId: MMSG-13992]
GenerateXML.c(50): Notify: Parameter Substitution: parameter "C_ClaimNo" =  "FG18040408320898"	[MsgId: MMSG-13992]
Ending action GenerateXML.	[MsgId: MMSG-15918]
Action was aborted.	[MsgId: MMSG-10694]
Ending Vuser...	[MsgId: MMSG-15966]
Starting action vuser_end.	[MsgId: MMSG-15919]
Ending action vuser_end.	[MsgId: MMSG-15918]
Vuser Terminated.	[MsgId: MMSG-15963]
Vuser 30 (thread 27236), ended OK."	[MsgId: MMSG-10695]
ProcessClaimNo.c(170): Notify: Transaction "06_ServiceGuarantee_ProvideEmailID" started.	[MsgId: MMSG-16999]
ProcessClaimNo.c(173): web_add_header("Accept-Encoding") started  	[MsgId: MMSG-26355]
ProcessClaimNo.c(173): web_add_header("Accept-Encoding") was successful  	[MsgId: MMSG-26392]
ProcessClaimNo.c(174): web_add_header("Accept-Language") started  	[MsgId: MMSG-26355]
ProcessClaimNo.c(174): web_add_header("Accept-Language") was successful  	[MsgId: MMSG-26392]
ProcessClaimNo.c(175): web_add_header("Accept") started  	[MsgId: MMSG-26355]
ProcessClaimNo.c(175): web_add_header("Accept") was successful  	[MsgId: MMSG-26392]
ProcessClaimNo.c(176): web_add_header("Content-Type") started  	[MsgId: MMSG-26355]
ProcessClaimNo.c(176): Warning -26594: The header being added may cause unpredictable results if applied to ALL the URLs generated on behalf of the next script function. It will apply to the primary URL only.  	[MsgId: MWAR-26594]
ProcessClaimNo.c(176): web_add_header("Content-Type") highest severity level was "warning"  	[MsgId: MMSG-26391]
ProcessClaimNo.c(177): web_add_header("X-Requested-With") started  	[MsgId: MMSG-26355]
ProcessClaimNo.c(177): web_add_header("X-Requested-With") was successful  	[MsgId: MMSG-26392]
ProcessClaimNo.c(178): web_add_header("Cache-Control") started  	[MsgId: MMSG-26355]
ProcessClaimNo.c(178): web_add_header("Cache-Control") was successful  	[MsgId: MMSG-26392]
ProcessClaimNo.c(179): web_add_header("Cookie") started  	[MsgId: MMSG-26355]
ProcessClaimNo.c(179): Notify: Parameter Substitution: parameter "C_ASPSessionID" =  "ykrhclamr0to2e5zdsbommnw"	[MsgId: MMSG-13992]
ProcessClaimNo.c(179): Notify: Parameter Substitution: parameter "C_PrestoCookie" =  "52409354.20480.0000"	[MsgId: MMSG-13992]
ProcessClaimNo.c(179): web_add_header("Cookie") was successful  	[MsgId: MMSG-26392]
ProcessClaimNo.c(182): web_reg_save_param started  	[MsgId: MMSG-26355]
ProcessClaimNo.c(182): Registering web_reg_save_param was successful  	[MsgId: MMSG-26390]
ProcessClaimNo.c(189): web_reg_save_param started  	[MsgId: MMSG-26355]
ProcessClaimNo.c(189): Registering web_reg_save_param was successful  	[MsgId: MMSG-26390]
ProcessClaimNo.c(195): web_custom_request("ProvideEmailID") started  	[MsgId: MMSG-26355]
ProcessClaimNo.c(195): Notify: Next row for parameter P_protocol = 1 [table  = P_protocol].	[MsgId: MMSG-13876]
ProcessClaimNo.c(195): Notify: Parameter Substitution: parameter "P_protocol" =  "https"	[MsgId: MMSG-13992]
ProcessClaimNo.c(195): Notify: Parameter Substitution: parameter "P_URL" =  "serviceguarantee.prestoperf.net"	[MsgId: MMSG-13992]
ProcessClaimNo.c(195): Notify: Parameter Substitution: parameter "P_VisibleMediaID" =  "31240103520951000"	[MsgId: MMSG-13992]
ProcessClaimNo.c(195): Notify: Parameter Substitution: parameter "P_VisibleMediaID" =  "31240103520951000"	[MsgId: MMSG-13992]
ProcessClaimNo.c(195): Notify: Saving Parameter "C_ClaimNo = FG18040408320899".	[MsgId: MMSG-13798]
ProcessClaimNo.c(195): Notify: Saving Parameter "C_VisibleMediaID = 31240103520951000".	[MsgId: MMSG-13798]
ProcessClaimNo.c(195): Found resource "https://serviceguarantee.prestoperf.net/~/media/FGS/FGSprint.ashx?h=36&w=39&la=en&hash=48652367F29706E54F0FE7193480833C40E79F54" in HTML "https://serviceguarantee.prestoperf.net/en/ClaimConfirmation"  	[MsgId: MMSG-26659]
ProcessClaimNo.c(195): web_custom_request("ProvideEmailID") was successful, 3767 body bytes, 3249 header bytes  	[MsgId: MMSG-26386]
ProcessClaimNo.c(201): web_get_int_property started  	[MsgId: MMSG-26355]
ProcessClaimNo.c(201): web_get_int_property was successful  	[MsgId: MMSG-26392]
ProcessClaimNo.c(205): Notify: Transaction "06_ServiceGuarantee_ProvideEmailID" ended with a "Pass" status (Duration: 0.3755 Wasted Time: 0.0001).	[MsgId: MMSG-16871]
Ending action ProcessClaimNo.	[MsgId: MMSG-15918]
Starting action GenerateXML.	[MsgId: MMSG-15919]
GenerateXML.c(23): Notify: Parameter Substitution: parameter "P_VisibleMediaID" =  "31240103520951000"	[MsgId: MMSG-13992]
GenerateXML.c(33): Notify: Parameter Substitution: parameter "C_ClaimNo" =  "FG18040408320899"	[MsgId: MMSG-13992]
GenerateXML.c(39): Notify: Parameter Substitution: parameter "P_VisibleMediaID" =  "31240103520951000"	[MsgId: MMSG-13992]
GenerateXML.c(41): Notify: Parameter Substitution: parameter "C_ClaimNo" =  "FG18040408320899"	[MsgId: MMSG-13992]
GenerateXML.c(50): Notify: Parameter Substitution: parameter "P_VisibleMediaID" =  "31240103520951000"	[MsgId: MMSG-13992]
GenerateXML.c(50): Notify: Parameter Substitution: parameter "C_ClaimNo" =  "FG18040408320899"	[MsgId: MMSG-13992]
Ending action GenerateXML.	[MsgId: MMSG-15918]
Action was aborted.	[MsgId: MMSG-10694]
Ending Vuser...	[MsgId: MMSG-15966]
Starting action vuser_end.	[MsgId: MMSG-15919]
Ending action vuser_end.	[MsgId: MMSG-15918]
Vuser Terminated.	[MsgId: MMSG-15963]
Vuser 34 (thread 43880), ended OK."	[MsgId: MMSG-10695]
ProcessClaimNo.c(170): Notify: Transaction "06_ServiceGuarantee_ProvideEmailID" started.	[MsgId: MMSG-16999]
ProcessClaimNo.c(173): web_add_header("Accept-Encoding") started  	[MsgId: MMSG-26355]
ProcessClaimNo.c(173): web_add_header("Accept-Encoding") was successful  	[MsgId: MMSG-26392]
ProcessClaimNo.c(174): web_add_header("Accept-Language") started  	[MsgId: MMSG-26355]
ProcessClaimNo.c(174): web_add_header("Accept-Language") was successful  	[MsgId: MMSG-26392]
ProcessClaimNo.c(175): web_add_header("Accept") started  	[MsgId: MMSG-26355]
ProcessClaimNo.c(175): web_add_header("Accept") was successful  	[MsgId: MMSG-26392]
ProcessClaimNo.c(176): web_add_header("Content-Type") started  	[MsgId: MMSG-26355]
ProcessClaimNo.c(176): Warning -26594: The header being added may cause unpredictable results if applied to ALL the URLs generated on behalf of the next script function. It will apply to the primary URL only.  	[MsgId: MWAR-26594]
ProcessClaimNo.c(176): web_add_header("Content-Type") highest severity level was "warning"  	[MsgId: MMSG-26391]
ProcessClaimNo.c(177): web_add_header("X-Requested-With") started  	[MsgId: MMSG-26355]
ProcessClaimNo.c(177): web_add_header("X-Requested-With") was successful  	[MsgId: MMSG-26392]
ProcessClaimNo.c(178): web_add_header("Cache-Control") started  	[MsgId: MMSG-26355]
ProcessClaimNo.c(178): web_add_header("Cache-Control") was successful  	[MsgId: MMSG-26392]
ProcessClaimNo.c(179): web_add_header("Cookie") started  	[MsgId: MMSG-26355]
ProcessClaimNo.c(179): Notify: Parameter Substitution: parameter "C_ASPSessionID" =  "eeordwjfyxa0kfhymvpp5ftn"	[MsgId: MMSG-13992]
ProcessClaimNo.c(179): Notify: Parameter Substitution: parameter "C_PrestoCookie" =  "52409354.20480.0000"	[MsgId: MMSG-13992]
ProcessClaimNo.c(179): web_add_header("Cookie") was successful  	[MsgId: MMSG-26392]
ProcessClaimNo.c(182): web_reg_save_param started  	[MsgId: MMSG-26355]
ProcessClaimNo.c(182): Registering web_reg_save_param was successful  	[MsgId: MMSG-26390]
ProcessClaimNo.c(189): web_reg_save_param started  	[MsgId: MMSG-26355]
ProcessClaimNo.c(189): Registering web_reg_save_param was successful  	[MsgId: MMSG-26390]
ProcessClaimNo.c(195): web_custom_request("ProvideEmailID") started  	[MsgId: MMSG-26355]
ProcessClaimNo.c(195): Notify: Next row for parameter P_protocol = 1 [table  = P_protocol].	[MsgId: MMSG-13876]
ProcessClaimNo.c(195): Notify: Parameter Substitution: parameter "P_protocol" =  "https"	[MsgId: MMSG-13992]
ProcessClaimNo.c(195): Notify: Parameter Substitution: parameter "P_URL" =  "serviceguarantee.prestoperf.net"	[MsgId: MMSG-13992]
ProcessClaimNo.c(195): Notify: Parameter Substitution: parameter "P_VisibleMediaID" =  "31240103518464000"	[MsgId: MMSG-13992]
ProcessClaimNo.c(195): Notify: Parameter Substitution: parameter "P_VisibleMediaID" =  "31240103518464000"	[MsgId: MMSG-13992]
ProcessClaimNo.c(195): Notify: Saving Parameter "C_ClaimNo = FG18040408320900".	[MsgId: MMSG-13798]
ProcessClaimNo.c(195): Notify: Saving Parameter "C_VisibleMediaID = 31240103518464000".	[MsgId: MMSG-13798]
ProcessClaimNo.c(195): Found resource "https://serviceguarantee.prestoperf.net/~/media/FGS/FGSprint.ashx?h=36&w=39&la=en&hash=48652367F29706E54F0FE7193480833C40E79F54" in HTML "https://serviceguarantee.prestoperf.net/en/ClaimConfirmation"  	[MsgId: MMSG-26659]
ProcessClaimNo.c(195): web_custom_request("ProvideEmailID") was successful, 3767 body bytes, 3249 header bytes  	[MsgId: MMSG-26386]
ProcessClaimNo.c(201): web_get_int_property started  	[MsgId: MMSG-26355]
ProcessClaimNo.c(201): web_get_int_property was successful  	[MsgId: MMSG-26392]
ProcessClaimNo.c(205): Notify: Transaction "06_ServiceGuarantee_ProvideEmailID" ended with a "Pass" status (Duration: 0.3647 Wasted Time: 0.0001).	[MsgId: MMSG-16871]
Ending action ProcessClaimNo.	[MsgId: MMSG-15918]
Starting action GenerateXML.	[MsgId: MMSG-15919]
GenerateXML.c(23): Notify: Parameter Substitution: parameter "P_VisibleMediaID" =  "31240103518464000"	[MsgId: MMSG-13992]
GenerateXML.c(33): Notify: Parameter Substitution: parameter "C_ClaimNo" =  "FG18040408320900"	[MsgId: MMSG-13992]
GenerateXML.c(39): Notify: Parameter Substitution: parameter "P_VisibleMediaID" =  "31240103518464000"	[MsgId: MMSG-13992]
GenerateXML.c(41): Notify: Parameter Substitution: parameter "C_ClaimNo" =  "FG18040408320900"	[MsgId: MMSG-13992]
GenerateXML.c(50): Notify: Parameter Substitution: parameter "P_VisibleMediaID" =  "31240103518464000"	[MsgId: MMSG-13992]
GenerateXML.c(50): Notify: Parameter Substitution: parameter "C_ClaimNo" =  "FG18040408320900"	[MsgId: MMSG-13992]
Ending action GenerateXML.	[MsgId: MMSG-15918]
Action was aborted.	[MsgId: MMSG-10694]
Ending Vuser...	[MsgId: MMSG-15966]
Starting action vuser_end.	[MsgId: MMSG-15919]
Ending action vuser_end.	[MsgId: MMSG-15918]
Vuser Terminated.	[MsgId: MMSG-15963]
Vuser 25 (thread 31724), ended OK."	[MsgId: MMSG-10695]
